TN:
SF:src\components\core\button\Button.tsx
FN:10,(anonymous_2)
FNF:1
FNH:1
FNDA:1,(anonymous_2)
DA:2,1
DA:10,1
DA:15,3
DA:17,1
DA:29,1
LF:5
LH:5
BRF:0
BRH:0
end_of_record
TN:
SF:src\components\core\button\index.tsx
FN:1,(anonymous_1)
FNF:1
FNH:1
FNDA:1,(anonymous_1)
DA:1,2
LF:1
LH:1
BRF:0
BRH:0
end_of_record
TN:
SF:src\components\core\channelInfo\ChannelInfo.tsx
FN:5,(anonymous_2)
FNF:1
FNH:1
FNDA:1,(anonymous_2)
DA:2,3
DA:5,3
DA:9,2
DA:10,1
DA:18,3
LF:5
LH:5
BRF:0
BRH:0
end_of_record
TN:
SF:src\components\core\channelInfo\index.tsx
FN:1,(anonymous_1)
FNF:1
FNH:1
FNDA:1,(anonymous_1)
DA:1,4
LF:1
LH:1
BRF:0
BRH:0
end_of_record
TN:
SF:src\components\core\eventCard\eventCard.tsx
FN:6,(anonymous_2)
FNF:1
FNH:1
FNDA:1,(anonymous_2)
DA:3,3
DA:4,3
DA:6,3
DA:9,1
DA:10,1
DA:13,5
DA:15,1
DA:32,3
LF:8
LH:8
BRDA:9,0,0,1
BRDA:9,0,1,0
BRDA:10,1,0,1
BRDA:10,1,1,0
BRDA:17,2,0,1
BRDA:17,2,1,0
BRF:6
BRH:3
end_of_record
TN:
SF:src\components\core\eventCard\index.tsx
FN:1,(anonymous_1)
FNF:1
FNH:1
FNDA:1,(anonymous_1)
DA:1,4
LF:1
LH:1
BRF:0
BRH:0
end_of_record
TN:
SF:src\components\core\modal\Modal.tsx
FN:10,(anonymous_9)
FN:10,(anonymous_10)
FN:10,(anonymous_11)
FN:12,(anonymous_12)
FN:20,(anonymous_13)
FNF:5
FNH:3
FNDA:2,(anonymous_9)
FNDA:0,(anonymous_10)
FNDA:0,(anonymous_11)
FNDA:2,(anonymous_12)
FNDA:2,(anonymous_13)
DA:1,1
DA:2,1
DA:3,1
DA:10,2
DA:12,1
DA:16,4
DA:18,2
DA:20,2
DA:21,2
DA:24,2
DA:38,1
LF:11
LH:11
BRDA:26,0,0,2
BRDA:26,0,1,1
BRDA:30,1,0,1
BRDA:30,1,1,0
BRF:4
BRH:3
end_of_record
TN:
SF:src\components\core\modal\index.tsx
FN:1,(anonymous_1)
FNF:1
FNH:1
FNDA:2,(anonymous_1)
DA:1,3
LF:1
LH:1
BRF:0
BRH:0
end_of_record
TN:
SF:src\components\core\portal\Portal.tsx
FN:4,(anonymous_0)
FN:7,(anonymous_1)
FNF:2
FNH:2
FNDA:2,(anonymous_0)
FNDA:2,(anonymous_1)
DA:1,1
DA:2,1
DA:4,2
DA:5,2
DA:7,2
DA:8,2
DA:11,2
DA:12,2
DA:15,1
LF:9
LH:9
BRDA:12,0,0,0
BRDA:12,0,1,2
BRF:2
BRH:1
end_of_record
TN:
SF:src\components\core\portal\index.tsx
FN:1,(anonymous_1)
FNF:1
FNH:1
FNDA:2,(anonymous_1)
DA:1,3
LF:1
LH:1
BRF:0
BRH:0
end_of_record
TN:
SF:src\components\modals\modalEPG.tsx
FN:28,(anonymous_3)
FN:36,ActiveEvent
FN:47,(anonymous_5)
FN:49,(anonymous_6)
FN:50,(anonymous_7)
FN:55,(anonymous_8)
FN:61,(anonymous_9)
FN:69,(anonymous_10)
FN:76,(anonymous_11)
FN:122,(anonymous_12)
FN:128,(anonymous_13)
FN:134,(anonymous_14)
FN:136,(anonymous_15)
FN:145,(anonymous_16)
FNF:14
FNH:9
FNDA:2,(anonymous_3)
FNDA:2,ActiveEvent
FNDA:5,(anonymous_5)
FNDA:5,(anonymous_6)
FNDA:5,(anonymous_7)
FNDA:0,(anonymous_8)
FNDA:1,(anonymous_9)
FNDA:1,(anonymous_10)
FNDA:1,(anonymous_11)
FNDA:0,(anonymous_12)
FNDA:120,(anonymous_13)
FNDA:0,(anonymous_14)
FNDA:0,(anonymous_15)
FNDA:0,(anonymous_16)
DA:1,4
DA:2,2
DA:3,2
DA:4,2
DA:5,2
DA:6,2
DA:7,2
DA:28,2
DA:37,2
DA:38,2
DA:39,2
DA:40,2
DA:41,2
DA:42,2
DA:43,2
DA:45,2
DA:47,2
DA:48,5
DA:49,5
DA:50,5
DA:51,5
DA:52,5
DA:53,5
DA:55,5
DA:56,0
DA:57,0
DA:61,5
DA:62,1
DA:63,1
DA:69,5
DA:70,1
DA:71,0
DA:72,0
DA:76,5
DA:77,1
DA:80,5
DA:122,0
DA:128,120
DA:134,0
DA:136,0
DA:145,0
DA:156,2
LF:42
LH:34
BRDA:56,0,0,0
BRDA:64,1,0,1
BRDA:64,1,1,1
BRDA:64,2,0,1
BRDA:64,2,1,0
BRDA:64,3,0,1
BRDA:64,3,1,0
BRDA:70,4,0,0
BRDA:70,5,0,1
BRDA:70,5,1,0
BRDA:96,6,0,5
BRDA:96,6,1,5
BRDA:136,7,0,0
BRDA:136,7,1,0
BRDA:143,8,0,0
BRDA:143,8,1,0
BRF:16
BRH:7
end_of_record
TN:
SF:src\redux\hooks.ts
FNF:0
FNH:0
DA:1,2
DA:4,2
DA:5,2
LF:3
LH:3
BRF:0
BRH:0
end_of_record
TN:
SF:src\redux\reducers\mainSlice.ts
FN:17,(anonymous_2)
FN:20,(anonymous_3)
FN:23,(anonymous_4)
FN:24,(anonymous_5)
FN:33,(anonymous_6)
FN:41,(anonymous_7)
FNF:6
FNH:6
FNDA:1,(anonymous_2)
FNDA:1,(anonymous_3)
FNDA:1,(anonymous_4)
FNDA:2,(anonymous_5)
FNDA:1,(anonymous_6)
FNDA:1,(anonymous_7)
DA:1,2
DA:2,2
DA:3,2
DA:5,2
DA:13,2
DA:17,1
DA:18,1
DA:20,1
DA:21,1
DA:22,1
DA:23,1
DA:24,1
DA:25,2
DA:31,1
DA:33,1
DA:36,1
DA:37,1
DA:38,1
DA:39,1
DA:41,1
DA:42,1
DA:47,2
DA:49,2
LF:23
LH:23
BRF:0
BRH:0
end_of_record
TN:
SF:src\utils\utils.ts
FN:11,(anonymous_0)
FN:18,(anonymous_1)
FN:24,(anonymous_2)
FNF:3
FNH:3
FNDA:13,(anonymous_0)
FNDA:6,(anonymous_1)
FNDA:6,(anonymous_2)
DA:1,4
DA:2,4
DA:4,4
DA:11,23
DA:12,13
DA:13,13
DA:14,13
DA:15,13
DA:18,11
DA:19,6
DA:20,6
DA:21,6
DA:24,4
DA:25,6
DA:26,6
LF:15
LH:15
BRDA:11,0,0,10
BRDA:13,1,0,12
BRDA:13,1,1,1
BRDA:14,2,0,1
BRDA:14,2,1,12
BRDA:18,3,0,5
BRF:6
BRH:6
end_of_record
